<?xml version="1.0" encoding="UTF-8"?>
<!-- Generated by org.testng.reporters.JUnitReportReporter -->
<testsuite hostname="HYD-LTUB019" failures="0" tests="2" name="MeitySelenium.challenge" time="20.898" errors="0" timestamp="2023-09-28T11:29:59 IST" skipped="0">
  <testcase classname="MeitySelenium.challenge" name="atchalle" time="10.126"/>
  <system-out/>
  <testcase classname="MeitySelenium.challenge" name="companydetails" time="10.772"/>
  <system-out/>
</testsuite> <!-- MeitySelenium.challenge -->
